# Thu Sep 19 16:52:03 2019  : Logfile started by user: schul028
# Thu Sep 19 16:52:03 2019  : Starting run....
#############################################
# Ini input options used:
 --root = D:\\critload_project\\critload\\trunk\\tools
 --parameter_ini = D:\\critload_project\\critload\\trunk\\tools\\parameters.ini
 --year = 1999
 --outputdir = D:\\critload_project\\critload\\trunk\\tools\\..\\output
 --inputdir = D:\\critload_project\\critload\\trunk\\tools\\..\\input
 --ldebug = 0
 --inifile = None
#############################################
# All input options used:
# root = D:\\critload_project\\critload\\trunk\\tools
# parameter_ini = D:\\critload_project\\critload\\trunk\\tools\\parameters.ini
# year = 1999
# outputdir = D:\\critload_project\\critload\\trunk\\tools\\..\\output\\1999
# inputdir = D:\\critload_project\\critload\\trunk\\tools\\..\\input\\1999
# ldebug = 0
# inifile = None
# filename_gridcell_area = D:\\critload_project\\critload\\trunk\\tools\\..\\input\\1999\\a_tot.asc
# filename_agri_area = D:\\critload_project\\critload\\trunk\\tools\\..\\input\\1999\\a_ag.asc
# filename_natural_area = D:\\critload_project\\critload\\trunk\\tools\\..\\input\\1999\\a_nat.asc
# filename_precipitation_surplus = D:\\critload_project\\critload\\trunk\\tools\\..\\input\\1999\\q.asc
# filename_fert_inp = D:\\critload_project\\critload\\trunk\\tools\\..\\input\\1999\\n_fe_eff.asc
# filename_nfixation_agri = D:\\critload_project\\critload\\trunk\\tools\\..\\input\\1999\\nfix_ag.asc
# filename_manure_inp = D:\\critload_project\\critload\\trunk\\tools\\..\\input\\1999\\n_man_eff.asc
# filename_crop_uptake = D:\\critload_project\\critload\\trunk\\tools\\..\\input\\1999\\n_up_ag.asc
# filename_n_deposition = D:\\critload_project\\critload\\trunk\\tools\\..\\input\\1999\\ndep.asc
# filename_nh3_em_spread_fert = D:\\critload_project\\critload\\trunk\\tools\\..\\input\\1999\\nh3_spread_fe.asc
# filename_nh3_em_spread_manure = D:\\critload_project\\critload\\trunk\\tools\\..\\input\\1999\\nh3_spread_man.asc
# filename_nh3_em_storage = D:\\critload_project\\critload\\trunk\\tools\\..\\input\\1999\\nh3_stor.asc
# filename_nh3_em_grazing = D:\\critload_project\\critload\\trunk\\tools\\..\\input\\1999\\nh3_graz.asc
# filename_nsro_ag = D:\\critload_project\\critload\\trunk\\tools\\..\\input\\1999\\nsro_ag.asc
# filename_leaching_ag = D:\\critload_project\\critload\\trunk\\tools\\..\\input\\1999\\nle_ag.asc
# filename_groundwaterload_ag = D:\\critload_project\\critload\\trunk\\tools\\..\\input\\1999\\ngw_ag.asc
# filename_fraction_recent_groundwaterload_ag = D:\\critload_project\\critload\\trunk\\tools\\..\\input\\1999\\fgw_rec_ag.asc
# filename_nfixation_nat = D:\\critload_project\\critload\\trunk\\tools\\..\\input\\1999\\nfix_nat.asc
# filename_nsro_nat = D:\\critload_project\\critload\\trunk\\tools\\..\\input\\1999\\nsro_nat.asc
# filename_leaching_nat = D:\\critload_project\\critload\\trunk\\tools\\..\\input\\1999\\nle_nat.asc
# filename_groundwaterload_nat = D:\\critload_project\\critload\\trunk\\tools\\..\\input\\1999\\ngw_nat.asc
# filename_fraction_recent_groundwaterload_nat = D:\\critload_project\\critload\\trunk\\tools\\..\\input\\1999\\fgw_rec_nat.asc
# filename_n_point_alloch_matter = D:\\critload_project\\critload\\trunk\\tools\\..\\input\\1999\\nallo.asc
# filename_n_point_wastewater = D:\\critload_project\\critload\\trunk\\tools\\..\\input\\1999\\nww.asc
# filename_n_point_aquaculture = D:\\critload_project\\critload\\trunk\\tools\\..\\input\\1999\\naqua.asc
# filename_n_point_dep_surfacewater = D:\\critload_project\\critload\\trunk\\tools\\..\\input\\1999\\ndep_sw.asc
# filename_n_in_erosion_ag = D:\\critload_project\\critload\\trunk\\tools\\..\\input\\1999\\nero_ag.asc
# filename_n_in_erosion_nat = D:\\critload_project\\critload\\trunk\\tools\\..\\input\\1999\\nero_nat.asc
# crit_gw = 1.16e-05
# crit_sw = 2.5e-06
# crit_dep = 8
# fr_max_recent_grw = 0.95
# max_runoff = 2000.0
# sep = ;
# lcompress = False
# mask = None
#############################################
# Thu Sep 19 16:52:03 2019  : The following command line arguments will not be used:['run.ini']
# Thu Sep 19 16:52:03 2019  : ******************************************************
# Thu Sep 19 16:52:03 2019  : # Version information of main script.
# Thu Sep 19 16:52:03 2019  : ******************************************************
# Thu Sep 19 16:52:03 2019  : ## Version information from file: D:\critload_project\critload\trunk\tools\main_critload.py
# Thu Sep 19 16:52:03 2019  : ## Revision "$LastChangedDate: 2019-03-14 08:53:42 +0100 (Thu, 14 Mar 2019) $"
# Thu Sep 19 16:52:03 2019  : ## Date "$LastChangedRevision: 625 $"
# Thu Sep 19 16:52:03 2019  : ## Author "$LastChangedBy: arthurbeusen $"
# Thu Sep 19 16:52:03 2019  : ## URL "$HeadURL: http://pbl.sliksvn.com/globalnutrients/critload/trunk/tools/main_critload.py $"
# Thu Sep 19 16:52:03 2019  : ******************************************************
# Thu Sep 19 16:52:04 2019  : # Version information of generalcode directory.
# Thu Sep 19 16:52:04 2019  : ******************************************************
# Thu Sep 19 16:52:04 2019  : ## Version information from file: D:\critload_project\generalcode\trunk\cmd_options_general.py
# Thu Sep 19 16:52:04 2019  : ## Revision "$LastChangedDate: 2019-02-01 08:45:22 +0100 (Fri, 01 Feb 2019) $"
# Thu Sep 19 16:52:04 2019  : ## Date "$LastChangedRevision: 17 $"
# Thu Sep 19 16:52:04 2019  : ## Author "$LastChangedBy: arthurbeusen $"
# Thu Sep 19 16:52:04 2019  : ## URL "$HeadURL: https://pbl.sliksvn.com/generalcode/trunk/cmd_options_general.py $"
# Thu Sep 19 16:52:04 2019  : ******************************************************
# Thu Sep 19 16:53:04 2019  : Total run took 61.242924 seconds to complete.
