# Tue Oct 22 11:44:01 2019  : Logfile started by user: schul028
# Tue Oct 22 11:44:01 2019  : Starting run....
#############################################
# Ini input options used:
 --root = D:\\critload_project\\critload\\trunk\\tools
 --parameter_ini = D:\\critload_project\\critload\\trunk\\tools\\parameters.ini
 --year = 2010
 --outputdir = D:\\critload_project\\critload\\trunk\\tools\\..\\output
 --inputdir = D:\\critload_project\\critload\\trunk\\tools\\..\\input
 --ldebug = 0
 --inifile = None
#############################################
# All input options used:
# root = D:\\critload_project\\critload\\trunk\\tools
# parameter_ini = D:\\critload_project\\critload\\trunk\\tools\\parameters.ini
# year = 2010
# outputdir = D:\\critload_project\\critload\\trunk\\tools\\..\\output\\2010
# inputdir = D:\\critload_project\\critload\\trunk\\tools\\..\\input\\2010
# ldebug = 0
# inifile = None
# filename_biome_map = D:\\critload_project\\critload\\trunk\\tools\\..\\input\\2010\\gnlct.asc
# filename_gridcell_area = D:\\critload_project\\critload\\trunk\\tools\\..\\input\\2010\\a_tot.asc
# filename_agri_area = D:\\critload_project\\critload\\trunk\\tools\\..\\input\\2010\\a_ag.asc
# filename_cropland_area = D:\\critload_project\\critload\\trunk\\tools\\..\\input\\2010\\a_crop.asc
# filename_intgl_area = D:\\critload_project\\critload\\trunk\\tools\\..\\input\\2010\\a_gr_int.asc
# filename_extgl_area = D:\\critload_project\\critload\\trunk\\tools\\..\\input\\2010\\a_gr_ext.asc
# filename_natural_area = D:\\critload_project\\critload\\trunk\\tools\\..\\input\\2010\\a_nat.asc
# filename_precipitation_surplus = D:\\critload_project\\critload\\trunk\\tools\\..\\input\\2010\\q.asc
# filename_fert_inp = D:\\critload_project\\critload\\trunk\\tools\\..\\input\\2010\\n_fe_eff.asc
# filename_fert_inp_cropland = D:\\critload_project\\critload\\trunk\\tools\\..\\input\\2010\\n_fe_eff_crop.asc
# filename_fert_inp_grassland = D:\\critload_project\\critload\\trunk\\tools\\..\\input\\2010\\n_fe_eff_grass.asc
# filename_nfixation_agri = D:\\critload_project\\critload\\trunk\\tools\\..\\input\\2010\\nfix_ag.asc
# filename_nfixation_cropland = D:\\critload_project\\critload\\trunk\\tools\\..\\input\\2010\\nfix_crop.asc
# filename_nfixation_intgl = D:\\critload_project\\critload\\trunk\\tools\\..\\input\\2010\\nfix_grass_int.asc
# filename_nfixation_extgl = D:\\critload_project\\critload\\trunk\\tools\\..\\input\\2010\\nfix_grass_ext.asc
# filename_manure_inp = D:\\critload_project\\critload\\trunk\\tools\\..\\input\\2010\\n_man_eff.asc
# filename_manure_inp_cropland = D:\\critload_project\\critload\\trunk\\tools\\..\\input\\2010\\n_man_eff_crops.asc
# filename_manure_inp_intgl = D:\\critload_project\\critload\\trunk\\tools\\..\\input\\2010\\n_man_eff_grass_int.asc
# filename_manure_inp_extgl = D:\\critload_project\\critload\\trunk\\tools\\..\\input\\2010\\n_man_eff_grass_ext.asc
# filename_uptake_cropland = D:\\critload_project\\critload\\trunk\\tools\\..\\input\\2010\\n_up_crops.asc
# filename_uptake_intgl = D:\\critload_project\\critload\\trunk\\tools\\..\\input\\2010\\n_up_grass_int.asc
# filename_uptake_extgl = D:\\critload_project\\critload\\trunk\\tools\\..\\input\\2010\\n_up_grass_ext.asc
# filename_n_deposition = D:\\critload_project\\critload\\trunk\\tools\\..\\input\\2010\\ndep.asc
# filename_nh3_em_spread_fert = D:\\critload_project\\critload\\trunk\\tools\\..\\input\\2010\\nh3_spread_fe.asc
# filename_nh3_em_spread_fert_cropland = D:\\critload_project\\critload\\trunk\\tools\\..\\input\\2010\\nh3_spread_fe_crops.asc
# filename_nh3_em_spread_fert_intgl = D:\\critload_project\\critload\\trunk\\tools\\..\\input\\2010\\nh3_spread_fe_grass_int.asc
# filename_nh3_em_spread_fert_extgl = D:\\critload_project\\critload\\trunk\\tools\\..\\input\\2010\\nh3_spread_fe_grass_ext.asc
# filename_nh3_em_spread_manure = D:\\critload_project\\critload\\trunk\\tools\\..\\input\\2010\\nh3_spread_man.asc
# filename_nh3_em_spread_manure_cropland = D:\\critload_project\\critload\\trunk\\tools\\..\\input\\2010\\nh3_spread_man_crops.asc
# filename_nh3_em_spread_manure_intgl = D:\\critload_project\\critload\\trunk\\tools\\..\\input\\2010\\nh3_spread_man_grass_int.asc
# filename_nh3_em_spread_manure_extgl = D:\\critload_project\\critload\\trunk\\tools\\..\\input\\2010\\nh3_spread_man_grass_ext.asc
# filename_nh3_em_storage = D:\\critload_project\\critload\\trunk\\tools\\..\\input\\2010\\nh3_stor.asc
# filename_nh3_em_grazing = D:\\critload_project\\critload\\trunk\\tools\\..\\input\\2010\\nh3_graz.asc
# filename_nh3_em_grazing_ext = D:\\critload_project\\critload\\trunk\\tools\\..\\input\\2010\\nh3_graz_ext.asc
# filename_nh3_em_grazing_int = D:\\critload_project\\critload\\trunk\\tools\\..\\input\\2010\\nh3_graz_int.asc
# filename_nsro_ag = D:\\critload_project\\critload\\trunk\\tools\\..\\input\\2010\\nsro_ag.asc
# filename_leaching_ag = D:\\critload_project\\critload\\trunk\\tools\\..\\input\\2010\\nle_ag.asc
# filename_groundwaterload_ag = D:\\critload_project\\critload\\trunk\\tools\\..\\input\\2010\\ngw_ag.asc
# filename_fraction_recent_groundwaterload_ag = D:\\critload_project\\critload\\trunk\\tools\\..\\input\\2010\\fgw_rec_ag.asc
# filename_nfixation_nat = D:\\critload_project\\critload\\trunk\\tools\\..\\input\\2010\\nfix_nat.asc
# filename_nsro_nat = D:\\critload_project\\critload\\trunk\\tools\\..\\input\\2010\\nsro_nat.asc
# filename_leaching_nat = D:\\critload_project\\critload\\trunk\\tools\\..\\input\\2010\\nle_nat.asc
# filename_groundwaterload_nat = D:\\critload_project\\critload\\trunk\\tools\\..\\input\\2010\\ngw_nat.asc
# filename_fraction_recent_groundwaterload_nat = D:\\critload_project\\critload\\trunk\\tools\\..\\input\\2010\\fgw_rec_nat.asc
# filename_n_point_alloch_matter = D:\\critload_project\\critload\\trunk\\tools\\..\\input\\2010\\nallo.asc
# filename_n_point_wastewater = D:\\critload_project\\critload\\trunk\\tools\\..\\input\\2010\\nww.asc
# filename_n_point_aquaculture = D:\\critload_project\\critload\\trunk\\tools\\..\\input\\2010\\naqua.asc
# filename_n_point_dep_surfacewater = D:\\critload_project\\critload\\trunk\\tools\\..\\input\\2010\\ndep_sw.asc
# filename_n_in_erosion_ag = D:\\critload_project\\critload\\trunk\\tools\\..\\input\\2010\\nero_ag.asc
# filename_n_in_erosion_nat = D:\\critload_project\\critload\\trunk\\tools\\..\\input\\2010\\nero_nat.asc
# crit_gw = 1.16e-05
# crit_sw = 2.5e-06
# fr_max_recent_grw = 0.95
# max_runoff = 2000.0
# sep = ;
# lcompress = False
# mask = None
#############################################
# Tue Oct 22 11:44:01 2019  : The following command line arguments will not be used:['run.ini']
# Tue Oct 22 11:44:01 2019  : ******************************************************
# Tue Oct 22 11:44:01 2019  : # Version information of main script.
# Tue Oct 22 11:44:01 2019  : ******************************************************
# Tue Oct 22 11:44:01 2019  : ## Version information from file: D:\critload_project\critload\trunk\tools\main_critload.py
# Tue Oct 22 11:44:01 2019  : ## Revision "$LastChangedDate: 2019-03-14 08:53:42 +0100 (Thu, 14 Mar 2019) $"
# Tue Oct 22 11:44:01 2019  : ## Date "$LastChangedRevision: 625 $"
# Tue Oct 22 11:44:01 2019  : ## Author "$LastChangedBy: arthurbeusen $"
# Tue Oct 22 11:44:01 2019  : ## URL "$HeadURL: http://pbl.sliksvn.com/globalnutrients/critload/trunk/tools/main_critload.py $"
# Tue Oct 22 11:44:01 2019  : ******************************************************
# Tue Oct 22 11:44:01 2019  : # Version information of generalcode directory.
# Tue Oct 22 11:44:01 2019  : ******************************************************
# Tue Oct 22 11:44:01 2019  : ## Version information from file: D:\critload_project\generalcode\trunk\cmd_options_general.py
# Tue Oct 22 11:44:01 2019  : ## Revision "$LastChangedDate: 2019-02-01 08:45:22 +0100 (Fri, 01 Feb 2019) $"
# Tue Oct 22 11:44:01 2019  : ## Date "$LastChangedRevision: 17 $"
# Tue Oct 22 11:44:01 2019  : ## Author "$LastChangedBy: arthurbeusen $"
# Tue Oct 22 11:44:01 2019  : ## URL "$HeadURL: https://pbl.sliksvn.com/generalcode/trunk/cmd_options_general.py $"
# Tue Oct 22 11:44:01 2019  : ******************************************************
# Tue Oct 22 11:45:39 2019  : Total run took 97.713546 seconds to complete.
