# Tue Mar 12 18:46:12 2019  : Logfile started by user: schul028
# Tue Mar 12 18:46:12 2019  : Starting run....
#############################################
# Ini input options used:
 --root = D:\\project\\critload\\trunk\\tools
 --parameter_ini = D:\\project\\critload\\trunk\\tools\\parameters.ini
 --year = 2000
 --outputdir = D:\\project\\critload\\trunk\\tools\\..\\output\\2000
 --inputdir = D:\\project\\critload\\trunk\\tools\\..\\input\\2000
 --ldebug = 0
 --inifile = None
#############################################
# All input options used:
# root = D:\\project\\critload\\trunk\\tools
# parameter_ini = D:\\project\\critload\\trunk\\tools\\parameters.ini
# year = 2000
# outputdir = D:\\project\\critload\\trunk\\tools\\..\\output\\2000
# inputdir = D:\\project\\critload\\trunk\\tools\\..\\input\\2000
# ldebug = 0
# inifile = None
# filename_gridcell_area = D:\\project\\critload\\trunk\\tools\\..\\input\\2000\\a_tot.asc
# filename_agri_area = D:\\project\\critload\\trunk\\tools\\..\\input\\2000\\a_ag.asc
# filename_natural_area = D:\\project\\critload\\trunk\\tools\\..\\input\\2000\\a_nat.asc
# filename_precipitation_surplus = D:\\project\\critload\\trunk\\tools\\..\\input\\2000\\q.asc
# filename_fert_inp = D:\\project\\critload\\trunk\\tools\\..\\input\\2000\\n_fe_eff.asc
# filename_nfixation_agri = D:\\project\\critload\\trunk\\tools\\..\\input\\2000\\nfix_ag.asc
# filename_manure_inp = D:\\project\\critload\\trunk\\tools\\..\\input\\2000\\n_man_eff.asc
# filename_crop_uptake = D:\\project\\critload\\trunk\\tools\\..\\input\\2000\\n_up_ag.asc
# filename_n_deposition = D:\\project\\critload\\trunk\\tools\\..\\input\\2000\\ndep.asc
# filename_nh3_em_spread_fert = D:\\project\\critload\\trunk\\tools\\..\\input\\2000\\nh3_spread_fe.asc
# filename_nh3_em_spread_manure = D:\\project\\critload\\trunk\\tools\\..\\input\\2000\\nh3_spread_man.asc
# filename_nh3_em_storage = D:\\project\\critload\\trunk\\tools\\..\\input\\2000\\nh3_stor.asc
# filename_nh3_em_grazing = D:\\project\\critload\\trunk\\tools\\..\\input\\2000\\nh3_graz.asc
# filename_nsro_ag = D:\\project\\critload\\trunk\\tools\\..\\input\\2000\\nsro_ag.asc
# filename_leaching_ag = D:\\project\\critload\\trunk\\tools\\..\\input\\2000\\nle_ag.asc
# filename_groundwaterload_ag = D:\\project\\critload\\trunk\\tools\\..\\input\\2000\\ngw_ag.asc
# filename_fraction_recent_groundwaterload_ag = D:\\project\\critload\\trunk\\tools\\..\\input\\2000\\fgw_rec_ag.asc
# filename_nfixation_nat = D:\\project\\critload\\trunk\\tools\\..\\input\\2000\\nfix_nat.asc
# filename_nsro_nat = D:\\project\\critload\\trunk\\tools\\..\\input\\2000\\nsro_nat.asc
# filename_leaching_nat = D:\\project\\critload\\trunk\\tools\\..\\input\\2000\\nle_nat.asc
# filename_groundwaterload_nat = D:\\project\\critload\\trunk\\tools\\..\\input\\2000\\ngw_nat.asc
# filename_fraction_recent_groundwaterload_nat = D:\\project\\critload\\trunk\\tools\\..\\input\\2000\\fgw_rec_nat.asc
# filename_n_point_alloch_matter = D:\\project\\critload\\trunk\\tools\\..\\input\\2000\\nallo.asc
# filename_n_point_wastewater = D:\\project\\critload\\trunk\\tools\\..\\input\\2000\\nww.asc
# filename_n_point_aquaculture = D:\\project\\critload\\trunk\\tools\\..\\input\\2000\\naqua.asc
# filename_n_point_dep_surfacewater = D:\\project\\critload\\trunk\\tools\\..\\input\\2000\\ndep_sw.asc
# filename_n_in_erosion_ag = D:\\project\\critload\\trunk\\tools\\..\\input\\2000\\nero_ag.asc
# filename_n_in_erosion_nat = D:\\project\\critload\\trunk\\tools\\..\\input\\2000\\nero_nat.asc
# crit_gw = 1.16e-05
# crit_sw = 2.5e-06
# crit_dep = 8
# sep = ;
# lcompress = False
# mask = None
#############################################
# Tue Mar 12 18:46:12 2019  : The following command line arguments will not be used:['run.ini']
# Tue Mar 12 18:46:12 2019  : ******************************************************
# Tue Mar 12 18:46:12 2019  : # Version information of main script.
# Tue Mar 12 18:46:12 2019  : ******************************************************
# Tue Mar 12 18:46:12 2019  : ## Version information from file: D:\project\critload\trunk\tools\main_critload.py
# Tue Mar 12 18:46:12 2019  : ## Revision "$LastChangedDate: 2019-01-31 12:05:37 +0100 (Thu, 31 Jan 2019) $"
# Tue Mar 12 18:46:12 2019  : ## Date "$LastChangedRevision: 620 $"
# Tue Mar 12 18:46:12 2019  : ## Author "$LastChangedBy: arthurbeusen $"
# Tue Mar 12 18:46:12 2019  : ## URL "$HeadURL: http://pbl.sliksvn.com/globalnutrients/aquaculture_allocation/trunk/tools/main_allocation.py $"
# Tue Mar 12 18:46:12 2019  : ******************************************************
# Tue Mar 12 18:46:12 2019  : # Version information of generalcode directory.
# Tue Mar 12 18:46:12 2019  : ******************************************************
# Tue Mar 12 18:46:12 2019  : ## Version information from file: D:\project\generalcode\trunk\cmd_options_general.py
# Tue Mar 12 18:46:12 2019  : ## Revision "$LastChangedDate: 2019-02-01 08:45:22 +0100 (Fri, 01 Feb 2019) $"
# Tue Mar 12 18:46:12 2019  : ## Date "$LastChangedRevision: 17 $"
# Tue Mar 12 18:46:12 2019  : ## Author "$LastChangedBy: arthurbeusen $"
# Tue Mar 12 18:46:12 2019  : ## URL "$HeadURL: https://pbl.sliksvn.com/generalcode/trunk/cmd_options_general.py $"
# Tue Mar 12 18:46:12 2019  : ******************************************************
# Tue Mar 12 18:46:13 2019  : Total run took 0.341904 seconds to complete.
