# Thu Feb  7 17:41:49 2019  : Logfile started by user: schul028
# Thu Feb  7 17:41:49 2019  : Starting run....
#############################################
# Ini input options used:
 --root = d:/project/critload/trunk/tools
 --parameter_ini = parameters.ini
 --year = 2000.0
 --outputdir = d:/project/critload/trunk/output
 --inputdir = d:/project/critload/trunk/input
 --ldebug = 0
 --inifile = run.ini
#############################################
# All input options used:
# root = d:/project/critload/trunk/tools
# parameter_ini = parameters.ini
# year = 2000.0
# outputdir = d:/project/critload/trunk/output
# inputdir = d:/project/critload/trunk/input
# ldebug = 0
# inifile = run.ini
# filename_gridcell_area = d:/project/critload/trunk/input\\a_tot.asc
# filename_agri_area = d:/project/critload/trunk/input\\a_ag.asc
# filename_natural_area = d:/project/critload/trunk/input\\a_nat.asc
# filename_precipitation_surplus = d:/project/critload/trunk/input\\q.asc
# filename_fert_inp = d:/project/critload/trunk/input\\n_fe_eff.asc
# filename_nfixation_agri = d:/project/critload/trunk/input\\nfix_ag.asc
# filename_manure_inp = d:/project/critload/trunk/input\\n_man_eff.asc
# filename_crop_uptake = d:/project/critload/trunk/input\\n_up_ag.asc
# filename_n_deposition = d:/project/critload/trunk/input\\ndep.asc
# filename_nh3_em_spread_fert = d:/project/critload/trunk/input\\nh3_spread_fe.asc
# filename_nh3_em_spread_manure = d:/project/critload/trunk/input\\nh3_spread_man.asc
# filename_nh3_em_storage = d:/project/critload/trunk/input\\nh3_stor.asc
# filename_nh3_em_grazing = d:/project/critload/trunk/input\\nh3_graz.asc
# filename_nsro_ag = d:/project/critload/trunk/input\\nsro_ag.asc
# filename_leaching_ag = d:/project/critload/trunk/input\\nle_ag.asc
# filename_groundwaterload_ag = d:/project/critload/trunk/input\\ngw_ag.asc
# filename_fraction_recent_groundwaterload_ag = d:/project/critload/trunk/input\\fgw_rec_ag.asc
# filename_nfixation_nat = d:/project/critload/trunk/input\\nfix_nat.asc
# filename_nsro_nat = d:/project/critload/trunk/input\\nsro_nat.asc
# filename_leaching_nat = d:/project/critload/trunk/input\\nle_nat.asc
# filename_groundwaterload_nat = d:/project/critload/trunk/input\\ngw_nat.asc
# filename_fraction_recent_groundwaterload_nat = d:/project/critload/trunk/input\\fgw_rec_nat.asc
# filename_n_point_alloch_matter = d:/project/critload/trunk/input\\nallo.asc
# filename_n_point_wastewater = d:/project/critload/trunk/input\\nww.asc
# filename_n_point_aquaculture = d:/project/critload/trunk/input\\naqua.asc
# filename_n_point_dep_surfacewater = d:/project/critload/trunk/input\\ndep_sw.asc
# filename_n_in_erosion_ag = d:/project/critload/trunk/input\\nero_ag.asc
# filename_n_in_erosion_nat = d:/project/critload/trunk/input\\nero_nat.asc
# crit_gw = 1.16e-05
# crit_sw = 2.5e-06
# crit_dep = 8
# sep = ;
# lcompress = False
#############################################
# Thu Feb  7 17:41:49 2019  : ******************************************************
# Thu Feb  7 17:41:49 2019  : # Version information of main script.
# Thu Feb  7 17:41:49 2019  : ******************************************************
# Thu Feb  7 17:41:49 2019  : ## Version information from file: D:\project\critload\trunk\tools\main_critload.py
# Thu Feb  7 17:41:49 2019  : ## Revision "$LastChangedDate: 2019-01-31 12:05:37 +0100 (Thu, 31 Jan 2019) $"
# Thu Feb  7 17:41:49 2019  : ## Date "$LastChangedRevision: 620 $"
# Thu Feb  7 17:41:49 2019  : ## Author "$LastChangedBy: arthurbeusen $"
# Thu Feb  7 17:41:49 2019  : ## URL "$HeadURL: http://pbl.sliksvn.com/globalnutrients/aquaculture_allocation/trunk/tools/main_allocation.py $"
# Thu Feb  7 17:41:49 2019  : ******************************************************
# Thu Feb  7 17:41:49 2019  : # Version information of generalcode directory.
# Thu Feb  7 17:41:49 2019  : ******************************************************
# Thu Feb  7 17:41:49 2019  : ## Version information from file: D:\project\generalcode\trunk\cmd_options_general.py
# Thu Feb  7 17:41:49 2019  : ## Revision "$LastChangedDate: 2019-02-01 08:45:22 +0100 (Fri, 01 Feb 2019) $"
# Thu Feb  7 17:41:49 2019  : ## Date "$LastChangedRevision: 17 $"
# Thu Feb  7 17:41:49 2019  : ## Author "$LastChangedBy: arthurbeusen $"
# Thu Feb  7 17:41:49 2019  : ## URL "$HeadURL: https://pbl.sliksvn.com/generalcode/trunk/cmd_options_general.py $"
# Thu Feb  7 17:41:49 2019  : ******************************************************
# Thu Feb  7 17:41:50 2019  : Total run took 0.197865 seconds to complete.
